<?xml version="1.0" encoding="UTF-8"?>
<!-- Generated by org.testng.reporters.JUnitReportReporter -->
<testsuite hostname="DESKTOP-TR64S2N" failures="0" tests="3" name="StepDefination.API_G_Test" time="4.424" errors="0" timestamp="15 Feb 2024 05:31:08 GMT" skipped="0">
  <testcase classname="StepDefination.API_G_Test" name="test_Genderize_Api" time="2.560"/>
  <testcase classname="StepDefination.API_G_Test" name="test_Genderize_Api_With_Country" time="0.864"/>
  <testcase classname="StepDefination.API_G_Test" name="test_Genderize_Api_multiple_names" time="1.000"/>
</testsuite> <!-- StepDefination.API_G_Test -->
