<?xml version="1.0" encoding="UTF-8"?>
<!-- Generated by org.testng.reporters.JUnitReportReporter -->
<testsuite hostname="DESKTOP-TR64S2N" failures="0" tests="3" name="StepDefination.API_Test" time="5.134" errors="0" timestamp="15 Feb 2024 10:37:11 GMT" skipped="0">
  <testcase classname="StepDefination.API_Test" name="JokeById" time="2.255"/>
  <testcase classname="StepDefination.API_Test" name="JokeById2" time="0.443"/>
  <testcase classname="StepDefination.API_Test" name="InvalidJoke" time="2.436"/>
</testsuite> <!-- StepDefination.API_Test -->
